c:\users\wadel_n\desktop\cpp_indie_studio\windows\hyper_sprint\hyper_sprint\release\vc141.pdb
c:\users\wadel_n\desktop\cpp_indie_studio\windows\hyper_sprint\hyper_sprint\release\source.obj
c:\users\wadel_n\desktop\cpp_indie_studio\windows\hyper_sprint\hyper_sprint\release\manager.obj
c:\users\wadel_n\desktop\cpp_indie_studio\windows\hyper_sprint\hyper_sprint\release\ressourceloader.obj
c:\users\wadel_n\desktop\cpp_indie_studio\windows\hyper_sprint\hyper_sprint\release\physic.obj
c:\users\wadel_n\desktop\cpp_indie_studio\windows\hyper_sprint\hyper_sprint\release\main.obj
c:\users\wadel_n\desktop\cpp_indie_studio\windows\hyper_sprint\hyper_sprint\release\event.obj
c:\users\wadel_n\desktop\cpp_indie_studio\windows\hyper_sprint\hyper_sprint\release\controller.obj
c:\users\wadel_n\desktop\cpp_indie_studio\windows\hyper_sprint\hyper_sprint\release\quitmenu.obj
c:\users\wadel_n\desktop\cpp_indie_studio\windows\hyper_sprint\hyper_sprint\release\pausemenu.obj
c:\users\wadel_n\desktop\cpp_indie_studio\windows\hyper_sprint\hyper_sprint\release\optionsmenu.obj
c:\users\wadel_n\desktop\cpp_indie_studio\windows\hyper_sprint\hyper_sprint\release\menu.obj
c:\users\wadel_n\desktop\cpp_indie_studio\windows\hyper_sprint\hyper_sprint\release\mainmenu.obj
c:\users\wadel_n\desktop\cpp_indie_studio\windows\hyper_sprint\hyper_sprint\release\creditsmenu.obj
c:\users\wadel_n\desktop\cpp_indie_studio\windows\hyper_sprint\hyper_sprint\release\carmenu.obj
c:\users\wadel_n\desktop\cpp_indie_studio\windows\hyper_sprint\hyper_sprint\release\ath.obj
c:\users\wadel_n\desktop\cpp_indie_studio\windows\hyper_sprint\hyper_sprint\release\core.obj
c:\users\wadel_n\desktop\cpp_indie_studio\windows\hyper_sprint\hyper_sprint\release\circuit.obj
c:\users\wadel_n\desktop\cpp_indie_studio\windows\hyper_sprint\hyper_sprint\release\car.obj
c:\users\wadel_n\desktop\cpp_indie_studio\windows\hyper_sprint\hyper_sprint\release\cstringtable.obj
c:\users\wadel_n\desktop\cpp_indie_studio\windows\hyper_sprint\hyper_sprint\release\cguittfont.obj
c:\users\wadel_n\desktop\cpp_indie_studio\windows\hyper_sprint\hyper_sprint\release\inimanager.obj
c:\users\wadel_n\desktop\cpp_indie_studio\windows\hyper_sprint\release\hyper_sprint.ipdb
c:\users\wadel_n\desktop\cpp_indie_studio\windows\hyper_sprint\release\hyper_sprint.iobj
c:\users\wadel_n\desktop\cpp_indie_studio\windows\hyper_sprint\release\hyper_sprint.exe
c:\users\wadel_n\desktop\cpp_indie_studio\windows\hyper_sprint\release\hyper_sprint.pdb
c:\users\wadel_n\desktop\cpp_indie_studio\windows\hyper_sprint\hyper_sprint\release\hyper_sprint.tlog\cl.command.1.tlog
c:\users\wadel_n\desktop\cpp_indie_studio\windows\hyper_sprint\hyper_sprint\release\hyper_sprint.tlog\cl.read.1.tlog
c:\users\wadel_n\desktop\cpp_indie_studio\windows\hyper_sprint\hyper_sprint\release\hyper_sprint.tlog\cl.write.1.tlog
c:\users\wadel_n\desktop\cpp_indie_studio\windows\hyper_sprint\hyper_sprint\release\hyper_sprint.tlog\hyper_sprint.write.1u.tlog
c:\users\wadel_n\desktop\cpp_indie_studio\windows\hyper_sprint\hyper_sprint\release\hyper_sprint.tlog\link.command.1.tlog
c:\users\wadel_n\desktop\cpp_indie_studio\windows\hyper_sprint\hyper_sprint\release\hyper_sprint.tlog\link.read.1.tlog
c:\users\wadel_n\desktop\cpp_indie_studio\windows\hyper_sprint\hyper_sprint\release\hyper_sprint.tlog\link.write.1.tlog
